SF:lib/viewmodels/article_list_view_model.dart
DA:14,2
DA:15,2
DA:17,6
DA:20,1
DA:22,3
DA:23,3
DA:25,2
DA:26,2
DA:29,2
DA:30,4
DA:31,2
DA:32,2
DA:35,1
DA:36,2
DA:37,2
DA:38,2
DA:39,4
DA:40,4
DA:41,4
DA:42,1
DA:43,1
LF:21
LH:21
end_of_record
SF:lib/viewmodels/article_view_model.dart
DA:7,2
DA:9,3
DA:11,3
DA:13,6
DA:15,6
DA:17,0
DA:19,3
DA:21,3
DA:23,6
LF:9
LH:8
end_of_record
SF:lib/main.dart
DA:8,0
DA:9,0
DA:10,0
DA:11,0
DA:15,3
DA:18,1
DA:20,1
DA:23,1
DA:25,2
DA:26,1
DA:27,3
LF:11
LH:7
end_of_record
SF:lib/views/article_list_view.dart
DA:14,2
DA:16,1
DA:17,1
DA:21,1
DA:23,1
DA:24,2
DA:25,2
DA:28,1
DA:31,1
DA:32,1
DA:33,1
DA:34,1
DA:35,2
DA:36,1
DA:37,0
DA:38,0
DA:41,1
DA:43,1
DA:45,1
DA:46,1
DA:47,2
DA:48,1
DA:49,2
DA:52,1
DA:58,2
DA:59,1
DA:60,2
DA:61,0
DA:62,2
DA:63,0
DA:65,0
DA:66,0
DA:67,0
DA:69,0
DA:70,0
DA:71,0
DA:72,0
DA:73,0
DA:74,0
DA:76,0
DA:77,0
DA:78,0
DA:80,0
DA:81,0
DA:82,0
DA:87,0
DA:88,0
DA:89,0
DA:90,0
DA:91,0
DA:96,1
LF:51
LH:27
end_of_record
SF:lib/theme_constants.dart
DA:7,0
DA:8,0
DA:11,0
DA:12,0
DA:17,2
DA:21,3
DA:23,1
DA:27,0
DA:33,0
DA:39,0
DA:45,0
DA:51,0
DA:57,0
DA:63,0
DA:69,3
DA:71,1
DA:79,0
DA:82,0
DA:87,0
DA:90,0
DA:93,0
DA:99,0
DA:105,2
LF:23
LH:6
end_of_record
SF:lib/models/article_model.dart
DA:12,3
DA:24,3
DA:30,3
DA:31,6
DA:32,6
DA:33,9
DA:34,9
DA:35,12
DA:36,12
DA:37,15
DA:38,15
DA:40,3
DA:42,15
DA:44,15
DA:45,3
DA:51,3
DA:52,12
DA:54,9
DA:55,3
DA:57,9
DA:58,3
DA:60,9
DA:61,3
DA:63,7
DA:64,2
DA:66,9
DA:67,3
LF:27
LH:27
end_of_record
SF:lib/services/news_apis.dart
DA:8,3
DA:9,3
DA:12,6
DA:14,3
DA:15,6
DA:16,6
DA:17,4
DA:18,4
DA:19,4
DA:20,4
DA:25,2
LF:11
LH:11
end_of_record
SF:lib/views/article_details_view.dart
DA:8,0
DA:9,0
DA:13,0
DA:15,0
DA:16,0
DA:17,0
DA:19,0
DA:21,0
DA:23,0
DA:24,0
DA:25,0
DA:27,0
DA:28,0
DA:29,0
DA:30,0
DA:31,0
DA:32,0
DA:34,0
DA:36,0
DA:37,0
DA:38,0
DA:39,0
DA:41,0
DA:42,0
DA:43,0
DA:44,0
DA:46,0
DA:47,0
DA:48,0
DA:49,0
DA:51,0
DA:52,0
DA:54,0
DA:55,0
DA:56,0
DA:57,0
DA:59,0
DA:60,0
DA:61,0
DA:62,0
DA:64,0
DA:65,0
DA:66,0
DA:67,0
DA:69,0
DA:70,0
DA:71,0
DA:77,0
DA:81,0
DA:82,0
DA:83,0
DA:84,0
DA:87,0
DA:88,0
DA:89,0
DA:90,0
DA:92,0
DA:105,0
DA:108,0
LF:59
LH:0
end_of_record
SF:lib/widgets/regular_network_image.dart
DA:6,0
DA:13,0
DA:21,0
DA:23,0
DA:24,0
DA:25,0
DA:26,0
DA:27,0
DA:28,0
DA:29,0
DA:30,0
DA:31,0
DA:33,0
DA:35,0
DA:36,0
DA:37,0
DA:40,0
DA:41,0
DA:42,0
DA:43,0
DA:44,0
DA:46,0
DA:48,0
DA:49,0
DA:50,0
DA:52,0
DA:57,0
DA:58,0
DA:59,0
LF:29
LH:0
end_of_record
SF:lib/widgets/list_article_widget.dart
DA:7,0
DA:13,0
DA:20,0
DA:22,0
DA:24,0
DA:25,0
DA:26,0
DA:27,0
DA:29,0
DA:30,0
DA:31,0
DA:33,0
DA:34,0
DA:35,0
DA:36,0
DA:40,0
DA:41,0
DA:43,0
DA:44,0
DA:45,0
DA:46,0
DA:47,0
DA:52,0
DA:54,0
DA:55,0
DA:57,0
DA:58,0
DA:60,0
DA:61,0
DA:62,0
DA:63,0
DA:72,0
DA:73,0
LF:33
LH:0
end_of_record
SF:lib/widgets/search_text_field.dart
DA:6,1
DA:9,1
DA:13,1
DA:15,1
DA:16,2
DA:17,1
DA:19,0
DA:20,1
LF:8
LH:7
end_of_record
SF:lib/widgets/circular_network_image.dart
DA:6,0
DA:11,0
DA:17,0
DA:19,0
DA:20,0
DA:21,0
DA:22,0
DA:23,0
DA:24,0
DA:25,0
DA:26,0
DA:27,0
DA:28,0
DA:30,0
DA:31,0
DA:32,0
DA:35,0
DA:36,0
DA:37,0
DA:38,0
DA:39,0
DA:40,0
DA:42,0
DA:43,0
DA:44,0
DA:46,0
DA:51,0
DA:52,0
DA:53,0
LF:29
LH:0
end_of_record
