SF:lib\models\article_model.dart
DA:12,4
DA:24,3
DA:31,3
DA:32,6
DA:33,6
DA:35,9
DA:37,9
DA:38,12
DA:39,12
DA:41,15
DA:42,15
DA:45,3
DA:48,15
DA:50,15
DA:52,3
DA:59,3
DA:60,12
DA:62,9
DA:63,3
DA:65,9
DA:66,3
DA:68,9
DA:69,3
DA:71,9
DA:72,3
DA:74,9
DA:75,3
LF:27
LH:27
end_of_record
SF:lib\viewmodels\article_view_model.dart
DA:7,3
DA:9,3
DA:11,6
DA:13,9
DA:15,9
DA:17,6
DA:19,3
DA:21,6
DA:23,9
LF:9
LH:9
end_of_record
SF:lib\views\article_details_view.dart
DA:8,1
DA:9,1
DA:13,1
DA:15,1
DA:16,1
DA:17,1
DA:19,1
DA:21,1
DA:23,1
DA:24,1
DA:25,1
DA:27,1
DA:28,1
DA:29,1
DA:30,1
DA:31,1
DA:32,1
DA:34,1
DA:36,1
DA:38,1
DA:39,2
DA:40,1
DA:42,1
DA:44,1
DA:45,2
DA:46,1
DA:48,1
DA:50,1
DA:51,2
DA:52,1
DA:54,1
DA:56,1
DA:58,1
DA:59,1
DA:60,2
DA:61,1
DA:63,1
DA:64,1
DA:65,1
DA:66,2
DA:68,1
DA:69,1
DA:70,1
DA:71,1
DA:73,1
DA:74,2
DA:75,1
DA:81,1
DA:86,1
DA:87,1
DA:88,1
DA:89,2
DA:92,1
DA:93,1
DA:94,1
DA:95,1
DA:98,1
DA:111,1
DA:114,1
LF:59
LH:59
end_of_record
SF:lib\widgets\regular_network_image.dart
DA:6,1
DA:13,1
DA:21,1
DA:23,1
DA:24,2
DA:25,1
DA:26,1
DA:27,2
DA:28,1
DA:29,1
DA:30,1
DA:31,1
DA:33,2
DA:35,1
DA:36,6
DA:37,1
DA:40,0
DA:41,0
DA:42,0
DA:43,0
DA:44,0
DA:46,0
DA:48,0
DA:49,0
DA:50,0
DA:52,0
DA:57,1
DA:58,1
DA:59,1
LF:29
LH:19
end_of_record
SF:lib\theme_constants.dart
DA:7,0
DA:8,0
DA:11,1
DA:12,3
DA:17,4
DA:21,6
DA:23,2
DA:27,3
DA:29,1
DA:33,3
DA:34,1
DA:35,1
DA:39,3
DA:41,1
DA:45,3
DA:47,1
DA:51,3
DA:52,1
DA:53,1
DA:57,3
DA:59,1
DA:63,3
DA:65,1
DA:69,3
DA:71,1
DA:79,3
DA:80,1
DA:82,3
DA:83,1
DA:87,3
DA:88,1
DA:90,6
DA:91,2
DA:93,3
DA:94,1
DA:99,3
DA:101,1
DA:102,1
DA:105,4
LF:39
LH:37
end_of_record
SF:lib\main.dart
DA:8,0
DA:9,0
DA:10,0
DA:11,0
DA:15,4
DA:18,1
DA:20,1
DA:23,1
DA:25,2
DA:26,1
DA:27,3
LF:11
LH:7
end_of_record
SF:lib\viewmodels\article_list_view_model.dart
DA:14,2
DA:15,2
DA:17,6
DA:20,1
DA:22,3
DA:23,3
DA:25,2
DA:26,2
DA:29,2
DA:30,4
DA:31,2
DA:32,2
DA:35,2
DA:36,4
DA:37,4
DA:38,3
DA:39,4
DA:40,4
DA:41,4
DA:42,2
DA:43,2
LF:21
LH:21
end_of_record
SF:lib\widgets\article_list_view_builder.dart
DA:8,1
DA:11,1
DA:15,1
DA:17,1
DA:18,2
DA:19,0
DA:20,0
DA:21,0
DA:22,0
DA:23,0
DA:24,0
DA:25,0
DA:27,0
DA:28,0
DA:29,0
DA:31,0
DA:32,0
DA:33,0
DA:38,0
DA:39,0
DA:40,0
DA:41,0
DA:42,0
LF:23
LH:5
end_of_record
SF:lib\widgets\circular_network_image.dart
DA:6,1
DA:11,1
DA:17,1
DA:19,1
DA:20,1
DA:21,1
DA:22,1
DA:23,2
DA:24,1
DA:25,1
DA:26,1
DA:27,1
DA:28,1
DA:30,1
DA:31,3
DA:32,1
DA:35,0
DA:36,0
DA:37,0
DA:38,0
DA:39,0
DA:40,0
DA:42,0
DA:43,0
DA:44,0
DA:46,0
DA:51,1
DA:52,1
DA:53,1
LF:29
LH:19
end_of_record
SF:lib\widgets\list_article_widget.dart
DA:7,1
DA:13,0
DA:20,1
DA:22,1
DA:24,1
DA:25,1
DA:26,1
DA:27,1
DA:29,1
DA:30,1
DA:31,1
DA:33,1
DA:34,1
DA:35,1
DA:36,1
DA:40,1
DA:41,1
DA:43,1
DA:44,1
DA:45,1
DA:46,1
DA:47,1
DA:52,1
DA:54,1
DA:55,1
DA:57,1
DA:58,1
DA:60,1
DA:61,1
DA:62,1
DA:63,1
DA:72,1
DA:73,1
LF:33
LH:32
end_of_record
SF:lib\views\article_list_view.dart
DA:15,3
DA:17,1
DA:18,1
DA:22,1
DA:24,1
DA:25,2
DA:26,2
DA:29,1
DA:32,1
DA:33,1
DA:34,1
DA:35,1
DA:36,2
DA:37,1
DA:38,1
DA:39,1
DA:42,1
DA:44,1
DA:46,1
DA:47,1
DA:48,2
DA:49,1
DA:50,2
DA:53,1
DA:59,2
DA:60,1
DA:61,2
DA:62,0
DA:63,1
DA:65,1
LF:30
LH:29
end_of_record
SF:lib\services\news_apis.dart
DA:9,3
DA:10,3
DA:13,6
DA:15,3
DA:17,6
DA:18,6
DA:20,4
DA:21,4
DA:22,4
DA:23,4
DA:29,2
LF:11
LH:11
end_of_record
SF:lib\widgets\search_text_field.dart
DA:6,1
DA:9,1
DA:13,1
DA:15,1
DA:16,2
DA:17,1
DA:19,3
DA:20,1
LF:8
LH:8
end_of_record
